Traceback (most recent call last):
  File "/home/dapeng/miniconda3/bin/uvicorn", line 8, in <module>
    sys.exit(main())
  File "/home/dapeng/miniconda3/lib/python3.9/site-packages/click/core.py", line 1128, in __call__
    return self.main(*args, **kwargs)
  File "/home/dapeng/miniconda3/lib/python3.9/site-packages/click/core.py", line 1053, in main
    rv = self.invoke(ctx)
  File "/home/dapeng/miniconda3/lib/python3.9/site-packages/click/core.py", line 1395, in invoke
    return ctx.invoke(self.callback, **ctx.params)
  File "/home/dapeng/miniconda3/lib/python3.9/site-packages/click/core.py", line 754, in invoke
    return __callback(*args, **kwargs)
  File "/home/dapeng/miniconda3/lib/python3.9/site-packages/uvicorn/main.py", line 437, in main
    run(app, **kwargs)
  File "/home/dapeng/miniconda3/lib/python3.9/site-packages/uvicorn/main.py", line 463, in run
    server.run()
  File "/home/dapeng/miniconda3/lib/python3.9/site-packages/uvicorn/server.py", line 60, in run
    return asyncio.run(self.serve(sockets=sockets))
  File "/home/dapeng/miniconda3/lib/python3.9/asyncio/runners.py", line 44, in run
    return loop.run_until_complete(main)
  File "/home/dapeng/miniconda3/lib/python3.9/asyncio/base_events.py", line 647, in run_until_complete
    return future.result()
  File "/home/dapeng/miniconda3/lib/python3.9/site-packages/uvicorn/server.py", line 67, in serve
    config.load()
  File "/home/dapeng/miniconda3/lib/python3.9/site-packages/uvicorn/config.py", line 458, in load
    self.loaded_app = import_from_string(self.app)
  File "/home/dapeng/miniconda3/lib/python3.9/site-packages/uvicorn/importer.py", line 24, in import_from_string
    raise exc from None
  File "/home/dapeng/miniconda3/lib/python3.9/site-packages/uvicorn/importer.py", line 21, in import_from_string
    module = importlib.import_module(module_str)
  File "/home/dapeng/miniconda3/lib/python3.9/importlib/__init__.py", line 127, in import_module
    return _bootstrap._gcd_import(name[level:], package, level)
  File "<frozen importlib._bootstrap>", line 1030, in _gcd_import
  File "<frozen importlib._bootstrap>", line 1007, in _find_and_load
  File "<frozen importlib._bootstrap>", line 972, in _find_and_load_unlocked
  File "<frozen importlib._bootstrap>", line 228, in _call_with_frames_removed
  File "<frozen importlib._bootstrap>", line 1030, in _gcd_import
  File "<frozen importlib._bootstrap>", line 1007, in _find_and_load
  File "<frozen importlib._bootstrap>", line 984, in _find_and_load_unlocked
ModuleNotFoundError: No module named 'asr_api_server'
